<?xml version="1.0" encoding="UTF-8"?>
<!-- Generated by org.testng.reporters.JUnitReportReporter -->
<testsuite hostname="DELL-PC" name="testcases.VerifyLoginPage" tests="1" failures="0" timestamp="9 Oct 2018 16:27:55 GMT" time="38.076" errors="0">
  <testcase name="homepagetestcase" time="38.076" classname="testcases.VerifyLoginPage"/>
</testsuite> <!-- testcases.VerifyLoginPage -->
