<?xml version="1.0" encoding="UTF-8"?>
<!-- Generated by org.testng.reporters.JUnitReportReporter -->
<testsuite skipped="0" hostname="DELL-PC" name="testcases.CrossBrowserTesting" tests="2" failures="0" timestamp="18 Nov 2018 14:37:24 GMT" time="87.427" errors="1">
  <testcase name="test1" time="36.019" classname="testcases.CrossBrowserTesting"/>
  <testcase name="test1" time="51.408" classname="testcases.CrossBrowserTesting">
    <error type="org.openqa.selenium.WebDriverException" message="Failed to connect to binary FirefoxBinary(C:\Program Files\Mozilla Firefox\firefox.exe) on port 7055; process output follows: 
cket.com.xpi
1542551798694	addons.xpi	DEBUG	Calling bootstrap method startup on firefox@getpocket.com version 1.0.5
1542551798702	addons.xpi	DEBUG	Calling bootstrap method startup on formautofill@mozilla.org version 1.0
1542551798703	addons.xpi	DEBUG	Registering manifest for C:\Program Files\Mozilla Firefox\browser\features\onboarding@mozilla.org.xpi
1542551798704	addons.xpi	DEBUG	Calling bootstrap method startup on onboarding@mozilla.org version 1.0
1542551798704	addons.xpi	DEBUG	Registering manifest for C:\Program Files\Mozilla Firefox\browser\features\screenshots@mozilla.org.xpi
1542551798704	addons.xpi	DEBUG	Calling bootstrap method startup on screenshots@mozilla.org version 33.0.0
1542551798705	addons.xpi	DEBUG	Registering manifest for C:\Program Files\Mozilla Firefox\browser\features\webcompat-reporter@mozilla.org.xpi
1542551798705	addons.xpi	DEBUG	Calling bootstrap method startup on webcompat-reporter@mozilla.org version 1.0.0
1542551798705	addons.xpi	DEBUG	Registering manifest for C:\Program Files\Mozilla Firefox\browser\features\webcompat@mozilla.org.xpi
1542551798708	addons.xpi	DEBUG	Calling bootstrap method startup on webcompat@mozilla.org version 2.0.1
1542551798710	addons.manager	DEBUG	Registering shutdown blocker for XPIProvider
1542551798711	addons.manager	DEBUG	Provider finished startup: XPIProvider
1542551798711	addons.manager	DEBUG	Starting provider: LightweightThemeManager
1542551798711	addons.manager	DEBUG	Registering shutdown blocker for LightweightThemeManager
1542551798711	addons.manager	DEBUG	Provider finished startup: LightweightThemeManager
1542551798712	addons.manager	DEBUG	Starting provider: GMPProvider
1542551798714	addons.manager	DEBUG	Registering shutdown blocker for GMPProvider
1542551798715	addons.manager	DEBUG	Provider finished startup: GMPProvider
1542551798715	addons.manager	DEBUG	Starting provider: PluginProvider
1542551798715	addons.manager	DEBUG	Registering shutdown blocker for PluginProvider
1542551798715	addons.manager	DEBUG	Provider finished startup: PluginProvider
1542551798721	addons.manager	DEBUG	Completed startup sequence
1542551801471	addons.xpi-utils	DEBUG	XPI Database saved, setting schema version preference to 27
1542551801712	addons.repository	DEBUG	No addons.json found.
1542551804187	addons.xpi	DEBUG	Ignoring file: name is not a valid add-on ID: C:\Users\DELL\AppData\Local\Temp\anonymous7540748230317266946webdriver-profile\extensions\webdriver-staging
1542551804188	addons.xpi	DEBUG	Existing add-on aushelper@mozilla.org in app-system-defaults
1542551804188	addons.xpi	DEBUG	Existing add-on firefox@getpocket.com in app-system-defaults
1542551804188	addons.xpi	DEBUG	Existing add-on formautofill@mozilla.org in app-system-defaults
1542551804188	addons.xpi	DEBUG	Existing add-on onboarding@mozilla.org in app-system-defaults
1542551804189	addons.xpi	DEBUG	Existing add-on screenshots@mozilla.org in app-system-defaults
1542551804189	addons.xpi	DEBUG	Existing add-on webcompat-reporter@mozilla.org in app-system-defaults
1542551804189	addons.xpi	DEBUG	Existing add-on webcompat@mozilla.org in app-system-defaults
1542551804190	addons.xpi	DEBUG	scanForChanges changed: false, state: {}
JavaScript error: resource://gre/modules/addons/XPIProvider.jsm, line 2600: TypeError: addon is null
1542551812038	addons.manager	DEBUG	Registering upgrade listener for formautofill@mozilla.org
1542551821575	addons.productaddons	INFO	sending request to: https://aus5.mozilla.org/update/3/GMP/63.0/20181018182531/WINNT_x86-msvc-x86/en-US/release/Windows_NT%206.1.1.0.7601%20(x86)/default/default/update.xml
1542551823182	addons.productaddons	INFO	Completed downloading document
1542551823639	addons.productaddons	INFO	downloadXHR File download. status=200
1542551823647	addons.productaddons	INFO	Downloaded file will be saved to C:\Users\DELL\AppData\Local\Temp\tmpaddon-e62003
1542551833883	addons.productaddons	INFO	downloadXHR File download. status=200
1542551833888	addons.productaddons	INFO	Downloaded file will be saved to C:\Users\DELL\AppData\Local\Temp\tmpaddon-8c36bd

Build info: version: &#039;2.53.0&#039;, revision: &#039;35ae25b1534ae328c771e0856c93e187490ca824&#039;, time: &#039;2016-03-15 10:43:46&#039;
System info: host: &#039;DELL-PC&#039;, ip: &#039;192.168.1.111&#039;, os.name: &#039;Windows 7&#039;, os.arch: &#039;x86&#039;, os.version: &#039;6.1&#039;, java.version: &#039;1.8.0_91&#039;
Driver info: driver.version: FirefoxDriver">
      <![CDATA[org.openqa.selenium.WebDriverException: Failed to connect to binary FirefoxBinary(C:\Program Files\Mozilla Firefox\firefox.exe) on port 7055; process output follows: 
cket.com.xpi
1542551798694addons.xpiDEBUGCalling bootstrap method startup on firefox@getpocket.com version 1.0.5
1542551798702addons.xpiDEBUGCalling bootstrap method startup on formautofill@mozilla.org version 1.0
1542551798703addons.xpiDEBUGRegistering manifest for C:\Program Files\Mozilla Firefox\browser\features\onboarding@mozilla.org.xpi
1542551798704addons.xpiDEBUGCalling bootstrap method startup on onboarding@mozilla.org version 1.0
1542551798704addons.xpiDEBUGRegistering manifest for C:\Program Files\Mozilla Firefox\browser\features\screenshots@mozilla.org.xpi
1542551798704addons.xpiDEBUGCalling bootstrap method startup on screenshots@mozilla.org version 33.0.0
1542551798705addons.xpiDEBUGRegistering manifest for C:\Program Files\Mozilla Firefox\browser\features\webcompat-reporter@mozilla.org.xpi
1542551798705addons.xpiDEBUGCalling bootstrap method startup on webcompat-reporter@mozilla.org version 1.0.0
1542551798705addons.xpiDEBUGRegistering manifest for C:\Program Files\Mozilla Firefox\browser\features\webcompat@mozilla.org.xpi
1542551798708addons.xpiDEBUGCalling bootstrap method startup on webcompat@mozilla.org version 2.0.1
1542551798710addons.managerDEBUGRegistering shutdown blocker for XPIProvider
1542551798711addons.managerDEBUGProvider finished startup: XPIProvider
1542551798711addons.managerDEBUGStarting provider: LightweightThemeManager
1542551798711addons.managerDEBUGRegistering shutdown blocker for LightweightThemeManager
1542551798711addons.managerDEBUGProvider finished startup: LightweightThemeManager
1542551798712addons.managerDEBUGStarting provider: GMPProvider
1542551798714addons.managerDEBUGRegistering shutdown blocker for GMPProvider
1542551798715addons.managerDEBUGProvider finished startup: GMPProvider
1542551798715addons.managerDEBUGStarting provider: PluginProvider
1542551798715addons.managerDEBUGRegistering shutdown blocker for PluginProvider
1542551798715addons.managerDEBUGProvider finished startup: PluginProvider
1542551798721addons.managerDEBUGCompleted startup sequence
1542551801471addons.xpi-utilsDEBUGXPI Database saved, setting schema version preference to 27
1542551801712addons.repositoryDEBUGNo addons.json found.
1542551804187addons.xpiDEBUGIgnoring file: name is not a valid add-on ID: C:\Users\DELL\AppData\Local\Temp\anonymous7540748230317266946webdriver-profile\extensions\webdriver-staging
1542551804188addons.xpiDEBUGExisting add-on aushelper@mozilla.org in app-system-defaults
1542551804188addons.xpiDEBUGExisting add-on firefox@getpocket.com in app-system-defaults
1542551804188addons.xpiDEBUGExisting add-on formautofill@mozilla.org in app-system-defaults
1542551804188addons.xpiDEBUGExisting add-on onboarding@mozilla.org in app-system-defaults
1542551804189addons.xpiDEBUGExisting add-on screenshots@mozilla.org in app-system-defaults
1542551804189addons.xpiDEBUGExisting add-on webcompat-reporter@mozilla.org in app-system-defaults
1542551804189addons.xpiDEBUGExisting add-on webcompat@mozilla.org in app-system-defaults
1542551804190addons.xpiDEBUGscanForChanges changed: false, state: {}
JavaScript error: resource://gre/modules/addons/XPIProvider.jsm, line 2600: TypeError: addon is null
1542551812038addons.managerDEBUGRegistering upgrade listener for formautofill@mozilla.org
1542551821575addons.productaddonsINFOsending request to: https://aus5.mozilla.org/update/3/GMP/63.0/20181018182531/WINNT_x86-msvc-x86/en-US/release/Windows_NT%206.1.1.0.7601%20(x86)/default/default/update.xml
1542551823182addons.productaddonsINFOCompleted downloading document
1542551823639addons.productaddonsINFOdownloadXHR File download. status=200
1542551823647addons.productaddonsINFODownloaded file will be saved to C:\Users\DELL\AppData\Local\Temp\tmpaddon-e62003
1542551833883addons.productaddonsINFOdownloadXHR File download. status=200
1542551833888addons.productaddonsINFODownloaded file will be saved to C:\Users\DELL\AppData\Local\Temp\tmpaddon-8c36bd

Build info: version: '2.53.0', revision: '35ae25b1534ae328c771e0856c93e187490ca824', time: '2016-03-15 10:43:46'
System info: host: 'DELL-PC', ip: '192.168.1.111', os.name: 'Windows 7', os.arch: 'x86', os.version: '6.1', java.version: '1.8.0_91'
Driver info: driver.version: FirefoxDriver
at org.openqa.selenium.firefox.internal.NewProfileExtensionConnection.start(NewProfileExtensionConnection.java:125)
at org.openqa.selenium.firefox.FirefoxDriver.startClient(FirefoxDriver.java:271)
at org.openqa.selenium.remote.RemoteWebDriver.<init>(RemoteWebDriver.java:119)
at org.openqa.selenium.firefox.FirefoxDriver.<init>(FirefoxDriver.java:216)
at org.openqa.selenium.firefox.FirefoxDriver.<init>(FirefoxDriver.java:211)
at org.openqa.selenium.firefox.FirefoxDriver.<init>(FirefoxDriver.java:207)
at org.openqa.selenium.firefox.FirefoxDriver.<init>(FirefoxDriver.java:120)
at testcases.CrossBrowserTesting.test1(CrossBrowserTesting.java:28)
at sun.reflect.NativeMethodAccessorImpl.invoke0(Native Method)
at sun.reflect.NativeMethodAccessorImpl.invoke(NativeMethodAccessorImpl.java:62)
at sun.reflect.DelegatingMethodAccessorImpl.invoke(DelegatingMethodAccessorImpl.java:43)
at java.lang.reflect.Method.invoke(Method.java:498)
at org.testng.internal.MethodInvocationHelper.invokeMethod(MethodInvocationHelper.java:124)
at org.testng.internal.Invoker.invokeMethod(Invoker.java:583)
at org.testng.internal.Invoker.invokeTestMethod(Invoker.java:719)
at org.testng.internal.Invoker.invokeTestMethods(Invoker.java:989)
at org.testng.internal.TestMethodWorker.invokeTestMethods(TestMethodWorker.java:125)
at org.testng.internal.TestMethodWorker.run(TestMethodWorker.java:109)
at org.testng.TestRunner.privateRun(TestRunner.java:648)
at org.testng.TestRunner.run(TestRunner.java:505)
at org.testng.SuiteRunner.runTest(SuiteRunner.java:455)
at org.testng.SuiteRunner.runSequentially(SuiteRunner.java:450)
at org.testng.SuiteRunner.privateRun(SuiteRunner.java:415)
at org.testng.SuiteRunner.run(SuiteRunner.java:364)
at org.testng.SuiteRunnerWorker.runSuite(SuiteRunnerWorker.java:52)
at org.testng.SuiteRunnerWorker.run(SuiteRunnerWorker.java:84)
at org.testng.TestNG.runSuitesSequentially(TestNG.java:1208)
at org.testng.TestNG.runSuitesLocally(TestNG.java:1137)
at org.testng.TestNG.runSuites(TestNG.java:1049)
at org.testng.TestNG.run(TestNG.java:1017)
at org.testng.remote.AbstractRemoteTestNG.run(AbstractRemoteTestNG.java:114)
at org.testng.remote.RemoteTestNG.initAndRun(RemoteTestNG.java:251)
at org.testng.remote.RemoteTestNG.main(RemoteTestNG.java:77)
Caused by: org.openqa.selenium.firefox.NotConnectedException: Unable to connect to host 127.0.0.1 on port 7055 after 45000 ms. Firefox console output:
cket.com.xpi
1542551798694addons.xpiDEBUGCalling bootstrap method startup on firefox@getpocket.com version 1.0.5
1542551798702addons.xpiDEBUGCalling bootstrap method startup on formautofill@mozilla.org version 1.0
1542551798703addons.xpiDEBUGRegistering manifest for C:\Program Files\Mozilla Firefox\browser\features\onboarding@mozilla.org.xpi
1542551798704addons.xpiDEBUGCalling bootstrap method startup on onboarding@mozilla.org version 1.0
1542551798704addons.xpiDEBUGRegistering manifest for C:\Program Files\Mozilla Firefox\browser\features\screenshots@mozilla.org.xpi
1542551798704addons.xpiDEBUGCalling bootstrap method startup on screenshots@mozilla.org version 33.0.0
1542551798705addons.xpiDEBUGRegistering manifest for C:\Program Files\Mozilla Firefox\browser\features\webcompat-reporter@mozilla.org.xpi
1542551798705addons.xpiDEBUGCalling bootstrap method startup on webcompat-reporter@mozilla.org version 1.0.0
1542551798705addons.xpiDEBUGRegistering manifest for C:\Program Files\Mozilla Firefox\browser\features\webcompat@mozilla.org.xpi
1542551798708addons.xpiDEBUGCalling bootstrap method startup on webcompat@mozilla.org version 2.0.1
1542551798710addons.managerDEBUGRegistering shutdown blocker for XPIProvider
1542551798711addons.managerDEBUGProvider finished startup: XPIProvider
1542551798711addons.managerDEBUGStarting provider: LightweightThemeManager
1542551798711addons.managerDEBUGRegistering shutdown blocker for LightweightThemeManager
1542551798711addons.managerDEBUGProvider finished startup: LightweightThemeManager
1542551798712addons.managerDEBUGStarting provider: GMPProvider
1542551798714addons.managerDEBUGRegistering shutdown blocker for GMPProvider
1542551798715addons.managerDEBUGProvider finished startup: GMPProvider
1542551798715addons.managerDEBUGStarting provider: PluginProvider
1542551798715addons.managerDEBUGRegistering shutdown blocker for PluginProvider
1542551798715addons.managerDEBUGProvider finished startup: PluginProvider
1542551798721addons.managerDEBUGCompleted startup sequence
1542551801471addons.xpi-utilsDEBUGXPI Database saved, setting schema version preference to 27
1542551801712addons.repositoryDEBUGNo addons.json found.
1542551804187addons.xpiDEBUGIgnoring file: name is not a valid add-on ID: C:\Users\DELL\AppData\Local\Temp\anonymous7540748230317266946webdriver-profile\extensions\webdriver-staging
1542551804188addons.xpiDEBUGExisting add-on aushelper@mozilla.org in app-system-defaults
1542551804188addons.xpiDEBUGExisting add-on firefox@getpocket.com in app-system-defaults
1542551804188addons.xpiDEBUGExisting add-on formautofill@mozilla.org in app-system-defaults
1542551804188addons.xpiDEBUGExisting add-on onboarding@mozilla.org in app-system-defaults
1542551804189addons.xpiDEBUGExisting add-on screenshots@mozilla.org in app-system-defaults
1542551804189addons.xpiDEBUGExisting add-on webcompat-reporter@mozilla.org in app-system-defaults
1542551804189addons.xpiDEBUGExisting add-on webcompat@mozilla.org in app-system-defaults
1542551804190addons.xpiDEBUGscanForChanges changed: false, state: {}
JavaScript error: resource://gre/modules/addons/XPIProvider.jsm, line 2600: TypeError: addon is null
1542551812038addons.managerDEBUGRegistering upgrade listener for formautofill@mozilla.org
1542551821575addons.productaddonsINFOsending request to: https://aus5.mozilla.org/update/3/GMP/63.0/20181018182531/WINNT_x86-msvc-x86/en-US/release/Windows_NT%206.1.1.0.7601%20(x86)/default/default/update.xml
1542551823182addons.productaddonsINFOCompleted downloading document
1542551823639addons.productaddonsINFOdownloadXHR File download. status=200
1542551823647addons.productaddonsINFODownloaded file will be saved to C:\Users\DELL\AppData\Local\Temp\tmpaddon-e62003
1542551833883addons.productaddonsINFOdownloadXHR File download. status=200
1542551833888addons.productaddonsINFODownloaded file will be saved to C:\Users\DELL\AppData\Local\Temp\tmpaddon-8c36bd

at org.openqa.selenium.firefox.internal.NewProfileExtensionConnection.start(NewProfileExtensionConnection.java:113)
... 32 more
]]>
    </error>
  </testcase> <!-- test1 -->
</testsuite> <!-- testcases.CrossBrowserTesting -->
