<?xml version="1.0" encoding="UTF-8"?>
<!-- Generated by org.testng.reporters.JUnitReportReporter -->
<testsuite hostname="DELL-PC" name="com.mavente.Firsttrstcaseinmaven" tests="1" failures="0" timestamp="28 Sep 2018 18:02:21 GMT" time="0.015" errors="0">
  <testcase name="hello" time="0.015" classname="com.mavente.Firsttrstcaseinmaven"/>
</testsuite> <!-- com.mavente.Firsttrstcaseinmaven -->
