<?xml version="1.0" encoding="UTF-8"?>
<!-- Generated by org.testng.reporters.JUnitReportReporter -->
<testsuite hostname="DELL-PC" name="testcases.withReport" tests="1" failures="0" timestamp="13 Oct 2018 07:45:15 GMT" time="45.991" errors="0">
  <testcase name="homepagetestcase" time="45.991" classname="testcases.withReport"/>
</testsuite> <!-- testcases.withReport -->
