<?xml version="1.0" encoding="UTF-8"?>
<!-- Generated by org.testng.reporters.JUnitReportReporter -->
<testsuite hostname="DELL-PC" name="testcases.testcases" tests="1" failures="0" timestamp="9 Oct 2018 16:27:55 GMT" time="34.694" errors="0">
  <testcase name="homepagetestcase" time="34.694" classname="testcases.testcases"/>
</testsuite> <!-- testcases.testcases -->
