<?xml version="1.0" encoding="UTF-8"?>
<!-- Generated by org.testng.reporters.JUnitReportReporter -->
<testsuite skipped="0" hostname="DELL-PC" name="testcases.autoit" tests="1" failures="0" timestamp="24 Nov 2018 10:19:39 GMT" time="6.674" errors="0">
  <testcase name="autoitt" time="6.674" classname="testcases.autoit"/>
</testsuite> <!-- testcases.autoit -->
